0 verbose cli D:\node.exe D:\node_modules\npm\bin\npm-cli.js
1 info using npm@10.9.3
2 info using node@v22.19.0
3 silly config load:file:D:\node_modules\npm\npmrc
4 silly config load:file:C:\Users\lmc\Desktop\LeYi_Snack_System\.npmrc
5 silly config load:file:C:\Users\lmc\.npmrc
6 silly config load:file:C:\Users\lmc\.npm-global\etc\npmrc
7 verbose title npm exec node -e " console.log pdf-parse ready \
8 verbose argv "exec" "--yes" "--package" "pdf-parse" "--" "node" "-e" "\"" "console.log" "pdf-parse ready \\"
9 verbose logfile logs-max:10 dir:C:\Users\lmc\Desktop\LeYi_Snack_System\.tmp\npm-cache\_logs\2026-02-22T08_27_05_914Z-
10 verbose logfile C:\Users\lmc\Desktop\LeYi_Snack_System\.tmp\npm-cache\_logs\2026-02-22T08_27_05_914Z-debug-0.log
11 silly logfile done cleaning log files
12 silly packumentCache heap:2197815296 maxSize:549453824 maxEntrySize:274726912
13 http fetch GET https://registry.npmjs.org/npm attempt 1 failed with EACCES
14 http fetch GET https://registry.npmjs.org/pdf-parse attempt 1 failed with EACCES
15 http fetch GET https://registry.npmjs.org/npm attempt 2 failed with EACCES
16 http fetch GET https://registry.npmjs.org/pdf-parse attempt 2 failed with EACCES
17 http fetch GET https://registry.npmjs.org/npm attempt 3 failed with EACCES
18 http fetch GET https://registry.npmjs.org/pdf-parse attempt 3 failed with EACCES
19 verbose type system
20 verbose stack FetchError: request to https://registry.npmjs.org/pdf-parse failed, reason: 
20 verbose stack     at ClientRequest.<anonymous> (D:\node_modules\npm\node_modules\minipass-fetch\lib\index.js:130:14)
20 verbose stack     at ClientRequest.emit (node:events:519:28)
20 verbose stack     at emitErrorEvent (node:_http_client:105:11)
20 verbose stack     at _destroy (node:_http_client:898:9)
20 verbose stack     at onSocketNT (node:_http_client:918:5)
20 verbose stack     at process.processTicksAndRejections (node:internal/process/task_queues:91:21)
21 error code EACCES
22 error errno EACCES
23 error FetchError: request to https://registry.npmjs.org/pdf-parse failed, reason: 
23 error     at ClientRequest.<anonymous> (D:\node_modules\npm\node_modules\minipass-fetch\lib\index.js:130:14)
23 error     at ClientRequest.emit (node:events:519:28)
23 error     at emitErrorEvent (node:_http_client:105:11)
23 error     at _destroy (node:_http_client:898:9)
23 error     at onSocketNT (node:_http_client:918:5)
23 error     at process.processTicksAndRejections (node:internal/process/task_queues:91:21) {
23 error   code: 'EACCES',
23 error   errno: 'EACCES',
23 error   type: 'system'
23 error }
24 error
24 error The operation was rejected by your operating system.
24 error It's possible that the file was already in use (by a text editor or antivirus),
24 error or that you lack permissions to access it.
24 error
24 error If you believe this might be a permissions issue, please double-check the
24 error permissions of the file and its containing directories, or try running
24 error the command again as root/Administrator.
25 verbose cwd C:\Users\lmc\Desktop\LeYi_Snack_System
26 verbose os Windows_NT 10.0.26200
27 verbose node v22.19.0
28 verbose npm  v10.9.3
29 verbose exit 1
30 verbose code 1
31 error A complete log of this run can be found in: C:\Users\lmc\Desktop\LeYi_Snack_System\.tmp\npm-cache\_logs\2026-02-22T08_27_05_914Z-debug-0.log
